{"/home/radouani/learning/jest_course/TourOfHeroes/src/app/app.component.ts": {"path":"/home/radouani/learning/jest_course/TourOfHeroes/src/app/app.component.ts","statementMap":{"0":{"start":{"line":1,"column":0},"end":{"line":1,"column":42}},"1":{"start":{"line":8,"column":25},"end":{"line":10,"column":null}},"2":{"start":{"line":9,"column":2},"end":{"line":9,"column":27}},"3":{"start":{"line":8,"column":13},"end":{"line":10,"column":null}},"4":{"start":{"line":8,"column":13},"end":{"line":8,"column":25}}},"fnMap":{},"branchMap":{},"s":{"0":1,"1":1,"2":3,"3":1,"4":1},"f":{},"b":{}}
,"/home/radouani/learning/jest_course/TourOfHeroes/src/app/modules/dashboard/dashboard/dashboard.component.ts": {"path":"/home/radouani/learning/jest_course/TourOfHeroes/src/app/modules/dashboard/dashboard/dashboard.component.ts","statementMap":{"0":{"start":{"line":1,"column":0},"end":{"line":1,"column":42}},"1":{"start":{"line":2,"column":0},"end":{"line":2,"column":34}},"2":{"start":{"line":10,"column":31},"end":{"line":16,"column":null}},"3":{"start":{"line":11,"column":2},"end":{"line":11,"column":25}},"4":{"start":{"line":14,"column":4},"end":{"line":14,"column":37}},"5":{"start":{"line":10,"column":13},"end":{"line":16,"column":null}},"6":{"start":{"line":10,"column":13},"end":{"line":10,"column":31}}},"fnMap":{"0":{"name":"(anonymous_0)","decl":{"start":{"line":13,"column":2},"end":{"line":13,"column":null}},"loc":{"start":{"line":13,"column":2},"end":{"line":15,"column":3}}}},"branchMap":{},"s":{"0":1,"1":1,"2":1,"3":8,"4":8,"5":1,"6":1},"f":{"0":8},"b":{}}
,"/home/radouani/learning/jest_course/TourOfHeroes/src/app/modules/hero-detail/hero-detail/hero-detail.component.ts": {"path":"/home/radouani/learning/jest_course/TourOfHeroes/src/app/modules/hero-detail/hero-detail/hero-detail.component.ts","statementMap":{"0":{"start":{"line":1,"column":0},"end":{"line":1,"column":42}},"1":{"start":{"line":8,"column":32},"end":{"line":10,"column":null}},"2":{"start":{"line":8,"column":13},"end":{"line":10,"column":null}},"3":{"start":{"line":8,"column":13},"end":{"line":8,"column":32}}},"fnMap":{"0":{"name":"(anonymous_0)","decl":{"start":{"line":9,"column":2},"end":{"line":9,"column":17}},"loc":{"start":{"line":9,"column":2},"end":{"line":9,"column":18}}}},"branchMap":{},"s":{"0":1,"1":1,"2":1,"3":1},"f":{"0":1},"b":{}}
,"/home/radouani/learning/jest_course/TourOfHeroes/src/app/modules/heroes/c-heroes/c-heroes.component.ts": {"path":"/home/radouani/learning/jest_course/TourOfHeroes/src/app/modules/heroes/c-heroes/c-heroes.component.ts","statementMap":{"0":{"start":{"line":1,"column":0},"end":{"line":1,"column":42}},"1":{"start":{"line":2,"column":0},"end":{"line":2,"column":34}},"2":{"start":{"line":10,"column":29},"end":{"line":16,"column":null}},"3":{"start":{"line":11,"column":2},"end":{"line":11,"column":22}},"4":{"start":{"line":14,"column":4},"end":{"line":14,"column":25}},"5":{"start":{"line":10,"column":13},"end":{"line":16,"column":null}},"6":{"start":{"line":10,"column":13},"end":{"line":10,"column":29}}},"fnMap":{"0":{"name":"(anonymous_0)","decl":{"start":{"line":13,"column":2},"end":{"line":13,"column":null}},"loc":{"start":{"line":13,"column":2},"end":{"line":15,"column":3}}}},"branchMap":{},"s":{"0":1,"1":1,"2":1,"3":8,"4":8,"5":1,"6":1},"f":{"0":8},"b":{}}
,"/home/radouani/learning/jest_course/TourOfHeroes/src/app/shared/JestHelperFunctions.ts": {"path":"/home/radouani/learning/jest_course/TourOfHeroes/src/app/shared/JestHelperFunctions.ts","statementMap":{"0":{"start":{"line":2,"column":0},"end":{"line":2,"column":47}},"1":{"start":{"line":8,"column":2},"end":{"line":8,"column":65}},"2":{"start":{"line":4,"column":0},"end":{"line":4,"column":16}},"3":{"start":{"line":15,"column":2},"end":{"line":15,"column":68}},"4":{"start":{"line":11,"column":0},"end":{"line":11,"column":16}}},"fnMap":{"0":{"name":"get","decl":{"start":{"line":4,"column":16},"end":{"line":4,"column":19}},"loc":{"start":{"line":6,"column":18},"end":{"line":9,"column":1}}},"1":{"name":"getAll","decl":{"start":{"line":11,"column":16},"end":{"line":11,"column":22}},"loc":{"start":{"line":13,"column":18},"end":{"line":16,"column":1}}}},"branchMap":{},"s":{"0":3,"1":21,"2":3,"3":4,"4":3},"f":{"0":21,"1":4},"b":{}}
,"/home/radouani/learning/jest_course/TourOfHeroes/src/data/db.ts": {"path":"/home/radouani/learning/jest_course/TourOfHeroes/src/data/db.ts","statementMap":{"0":{"start":{"line":3,"column":13},"end":{"line":14,"column":2}}},"fnMap":{},"branchMap":{},"s":{"0":2},"f":{},"b":{}}
}
