TN:
SF:src/app/app.component.ts
FNF:0
FNH:0
DA:1,1
DA:8,1
DA:9,3
LF:3
LH:3
BRF:0
BRH:0
end_of_record
TN:
SF:src/app/modules/dashboard/dashboard/dashboard.component.ts
FN:13,(anonymous_0)
FNF:1
FNH:1
FNDA:8,(anonymous_0)
DA:1,1
DA:2,1
DA:10,1
DA:11,8
DA:14,8
LF:5
LH:5
BRF:0
BRH:0
end_of_record
TN:
SF:src/app/modules/hero-detail/hero-detail/hero-detail.component.ts
FN:9,(anonymous_0)
FNF:1
FNH:1
FNDA:1,(anonymous_0)
DA:1,1
DA:8,1
LF:2
LH:2
BRF:0
BRH:0
end_of_record
TN:
SF:src/app/modules/heroes/c-heroes/c-heroes.component.ts
FN:13,(anonymous_0)
FNF:1
FNH:1
FNDA:8,(anonymous_0)
DA:1,1
DA:2,1
DA:10,1
DA:11,8
DA:14,8
LF:5
LH:5
BRF:0
BRH:0
end_of_record
TN:
SF:src/app/shared/JestHelperFunctions.ts
FN:4,get
FN:11,getAll
FNF:2
FNH:2
FNDA:21,get
FNDA:4,getAll
DA:2,3
DA:4,3
DA:8,21
DA:11,3
DA:15,4
LF:5
LH:5
BRF:0
BRH:0
end_of_record
TN:
SF:src/data/db.ts
FNF:0
FNH:0
DA:3,2
LF:1
LH:1
BRF:0
BRH:0
end_of_record
